<?xml version="1.0" encoding="UTF-8"?>
<testsuite name="com.dummytest.MoodAnalayserTest" tests="1" skipped="0" failures="0" errors="0" timestamp="2020-10-06T07:27:48" hostname="DESKTOP-25DPEJS" time="33.201">
  <properties/>
  <testcase name="testHappyMood" classname="com.dummytest.MoodAnalayserTest" time="33.201"/>
  <system-out><![CDATA[]]></system-out>
  <system-err><![CDATA[]]></system-err>
</testsuite>
